[    1315ms] [ERROR] Failed to load resource: the server responded with a status of 404 (Not Found) @ http://localhost:3333/favicon.ico:0
[  220105ms] TypeError: Cannot read properties of null (reading 'drawImage')
    at Frame2.updateUVs (http://localhost:3333/node_modules/.vite/deps/phaser.js?v=900f5bb8:121382:40)
    at Frame2.setCutPosition (http://localhost:3333/node_modules/.vite/deps/phaser.js?v=900f5bb8:121094:33)
    at Frame2.setSize (http://localhost:3333/node_modules/.vite/deps/phaser.js?v=900f5bb8:121135:26)
    at Text2.updateText (http://localhost:3333/node_modules/.vite/deps/phaser.js?v=900f5bb8:47364:34)
    at Text2.setText (http://localhost:3333/node_modules/.vite/deps/phaser.js?v=900f5bb8:46800:28)
    at EventEmitter.<anonymous> (http://localhost:3333/src/scenes/UIScene.ts:108:21)
    at EventEmitter.emit (http://localhost:3333/node_modules/.vite/deps/phaser.js?v=900f5bb8:94:45)
    at GameScene.create (http://localhost:3333/src/scenes/GameScene.ts:87:22)
    at SceneManager2.create (http://localhost:3333/node_modules/.vite/deps/phaser.js?v=900f5bb8:110814:36)
    at SceneManager2.bootScene (http://localhost:3333/node_modules/.vite/deps/phaser.js?v=900f5bb8:110730:28)
[  442294ms] TypeError: this.castleBarFill.setWidth is not a function
    at GameScene.updateCastleHpBar (http://localhost:3333/src/scenes/GameScene.ts?t=1772581193378:235:24)
    at GameScene.createCastleHpBar (http://localhost:3333/src/scenes/GameScene.ts?t=1772581193378:228:10)
    at GameScene.renderMap (http://localhost:3333/src/scenes/GameScene.ts?t=1772581193378:154:10)
    at GameScene.create (http://localhost:3333/src/scenes/GameScene.ts?t=1772581193378:35:10)
    at SceneManager2.create (http://localhost:3333/node_modules/.vite/deps/phaser.js?v=900f5bb8:110814:36)
    at SceneManager2.bootScene (http://localhost:3333/node_modules/.vite/deps/phaser.js?v=900f5bb8:110730:28)
    at SceneManager2.start (http://localhost:3333/node_modules/.vite/deps/phaser.js?v=900f5bb8:111272:26)
    at SceneManager2.processQueue (http://localhost:3333/node_modules/.vite/deps/phaser.js?v=900f5bb8:110591:37)
    at SceneManager2.update (http://localhost:3333/node_modules/.vite/deps/phaser.js?v=900f5bb8:110769:26)
    at Game2.step (http://localhost:3333/node_modules/.vite/deps/phaser.js?v=900f5bb8:8625:32)
